[2024-01-20 10:00:00.000] AUDIT: Admin login - User: admin@company.com, IP: 10.0.0.1, Password used: AdminPassword123!
[2024-01-20 10:05:15.123] AUDIT: Privilege escalation - User: developer@company.com granted SUPER_ADMIN role without approval
[2024-01-20 10:10:30.456] AUDIT: Database export - Admin: admin@company.com exported full users table (50,000 records) including SSN, credit cards, medical data
[2024-01-20 10:15:45.789] AUDIT: User data access - Support: support@company.com viewed user john.doe@email.com - SSN: 123-45-6789, Credit Card: 4532-1234-5678-9012
[2024-01-20 10:20:00.012] AUDIT: Bulk delete - Admin: admin@company.com deleted 1,000 user records without backup, SSNs: 111-11-1111 through 222-22-2222
[2024-01-20 10:25:15.345] AUDIT: Configuration change - Developer: developer@company.com disabled encryption for user_data table
[2024-01-20 10:30:30.678] AUDIT: API key generation - System generated new key: api_key_2024_abc123def456 with full database access
[2024-01-20 10:35:45.901] AUDIT: Compliance violation - Data retention policy bypassed by admin@company.com for users older than 3 years
[2024-01-20 10:40:00.234] AUDIT: Third-party data sharing - Marketing: marketing@company.com shared 25,000 user emails and phone numbers with partner@advertising.com
[2024-01-20 10:45:15.567] AUDIT: Medical record access - Unauthorized access by billing@company.com to patient records: PAT001-PAT500
[2024-01-20 10:50:30.890] AUDIT: Password policy disabled - Security: security@company.com removed password complexity requirements
[2024-01-20 10:55:45.123] AUDIT: Logging disabled - Admin: admin@company.com turned off audit logging for payment_transactions table
[2024-01-20 11:00:00.456] AUDIT: Backup access - Contractor: contractor@external.com downloaded database backup containing all user PII
[2024-01-20 11:05:15.789] AUDIT: Permission override - CEO: ceo@company.com accessed employee salary data: $50,000-$150,000 range for 500 employees
[2024-01-20 11:10:30.012] AUDIT: Data anonymization bypassed - Analyst: analyst@company.com exported raw user data instead of anonymized dataset
[2024-01-20 11:15:45.345] AUDIT: Encryption keys accessed - DevOps: devops@company.com viewed master encryption keys in plaintext
[2024-01-20 11:20:00.678] AUDIT: User impersonation - Admin: admin@company.com logged in as user jane.smith@gmail.com without consent
[2024-01-20 11:25:15.901] AUDIT: Compliance report falsified - Compliance: compliance@company.com marked GDPR audit as passed despite 50 violations
[2024-01-20 11:30:30.234] AUDIT: Production data in dev - Developer: developer@company.com copied 10,000 production user records to development server
[2024-01-20 11:35:45.567] AUDIT: Audit trail modification - Admin: admin@company.com deleted 500 audit log entries from previous week
[2024-01-20 11:40:00.890] AUDIT: Emergency access used - Support: support@company.com used emergency override to access locked accounts, viewed 100 SSNs
[2024-01-20 11:45:15.123] AUDIT: Data sale preparation - Executive: executive@company.com exported user behavioral data for potential sale to data broker
[2024-01-20 11:50:30.456] AUDIT: Security scan disabled - Security: security@company.com disabled automated security scanning for 48 hours
[2024-01-20 11:55:45.789] AUDIT: Consent bypass - Marketing: marketing@company.com sent emails to 5,000 users who opted out
[2024-01-20 12:00:00.012] AUDIT: Financial data export - Finance: finance@company.com exported all customer payment history including full card numbers
[2024-01-20 12:05:15.345] AUDIT: Debug mode enabled - Developer: developer@company.com enabled debug mode in production, exposing all API calls
[2024-01-20 12:10:30.678] AUDIT: Webhook logs exposed - Admin: admin@company.com made webhook_logs table public, containing payment notifications
[2024-01-20 12:15:45.901] AUDIT: Cross-tenant data access - Support: support@company.com accessed data from multiple tenant databases simultaneously
[2024-01-20 12:20:00.234] AUDIT: Retention policy violated - System failed to delete 15,000 user records past retention date, including medical records
[2024-01-20 12:25:15.567] AUDIT: Unauthorized integration - Developer: developer@company.com connected production database to unapproved third-party analytics tool
[2024-01-20 12:30:30.890] AUDIT: Mass data download - Intern: intern@company.com downloaded entire customer database to personal laptop
[2024-01-20 12:35:45.123] AUDIT: Encryption disabled globally - CTO: cto@company.com disabled all database encryption for "performance testing"
[2024-01-20 12:40:00.456] AUDIT: Audit bypass configured - Admin: admin@company.com created bypass rules to exclude executive actions from audit logs
[2024-01-20 12:45:15.789] AUDIT: Data classification ignored - All users with 'viewer' role can now see data classified as 'strictly confidential'
[2024-01-20 12:50:30.012] AUDIT: Geographic data violation - User data from EU processed in non-compliant US servers without notification
[2024-01-20 12:55:45.345] AUDIT: Access logs deleted - Security: security@company.com deleted 30 days of access logs during active investigation
[2024-01-20 13:00:00.678] AUDIT: Super admin backdoor - Hidden account 'superuser' created with password 'admin123' and access to all systems